<<<<<<< HEAD
Tue Oct 21 21:58:32 2025: Peer 1002 makes a connection to Peer 1001
Tue Oct 21 22:02:05 2025: Peer 1002 makes a connection to Peer 1001
Tue Oct 21 22:26:45 2025: Peer 1002 makes a connection to Peer 1001
Tue Oct 21 22:28:06 2025: Peer 1002 makes a connection to Peer 1001
Tue Oct 21 22:31:24 2025: Peer 1002 makes a connection to Peer 1001
Tue Oct 21 22:36:04 2025: Peer 1002 makes a connection to Peer 1001
Tue Oct 21 22:58:35 2025: Peer 1002 makes a connection to Peer 1001
Tue Oct 21 23:00:09 2025: Peer 1002 makes a connection to Peer 1001
Tue Oct 21 23:00:53 2025: Peer 1002 makes a connection to Peer 1001
Tue Oct 21 23:16:41 2025: Peer 1002 makes a connection to Peer 1001
Wed Oct 22 10:58:09 2025: Peer 1002 makes a connection to Peer 1001
Wed Oct 22 11:32:15 2025: Peer 1002 makes a connection to Peer 1001
Wed Oct 22 11:53:47 2025: Peer 1002 makes a connection to Peer 1001
Wed Oct 22 11:58:19 2025: Peer 1002 makes a connection to Peer 1001
Wed Oct 22 12:01:59 2025: Peer 1002 makes a connection to Peer 1001
Wed Oct 22 12:05:53 2025: Peer 1002 makes a connection to Peer 1001
Wed Oct 22 12:07:16 2025: Peer 1002 is connected from Peer 1003
Wed Oct 22 12:07:41 2025: Peer 1002 is connected from Peer 1006
Wed Oct 22 12:17:37 2025: Peer 1002 makes a connection to Peer 1001
Wed Oct 22 12:37:37 2025: Peer 1002 makes a connection to Peer 1001
=======
Wed Oct 22 17:23:09 2025: Peer 1002 makes a connection to Peer 1001
Wed Oct 22 17:23:09 2025: Peer 1002 received the 'interested' message from Peer 1001
Wed Oct 22 23:11:38 2025: Peer 1002 makes a connection to Peer 1001
Wed Oct 22 23:13:56 2025: Peer 1002 makes a connection to Peer 1001
Wed Oct 22 23:14:45 2025: Peer 1002 makes a connection to Peer 1001
Wed Oct 22 23:16:43 2025: Peer 1002 makes a connection to Peer 1001
Wed Oct 22 23:19:27 2025: Peer 1002 makes a connection to Peer 1001
Wed Oct 22 23:26:55 2025: Peer 1002 makes a connection to Peer 1001
Wed Oct 22 23:26:55 2025: Peer 1002 is unchoked by Peer 1001
>>>>>>> 8e44a724fee5e90e184fec7efdb6ac002f16d327
