Wed Dec  3 14:10:00 2025: Peer 1003 makes a connection to Peer 1001
Wed Dec  3 14:10:00 2025: Peer 1003 received the 'not interested' message from Peer 1001
Wed Dec  3 14:10:00 2025: Peer 1003 makes a connection to Peer 1002
Wed Dec  3 14:10:00 2025: Peer 1003 received the 'not interested' message from Peer 1002
Wed Dec  3 14:10:02 2025: Peer 1003 is connected from Peer 1004
Wed Dec  3 14:10:02 2025: Peer 1003 received the 'not interested' message from Peer 1004
Wed Dec  3 14:10:02 2025: Peer 1003 is unchoked by Peer 1001
Wed Dec  3 14:10:02 2025: Peer 1003 has downloaded the piece 24 from Peer 1001. Now the number of pieces it has is 1.
Wed Dec  3 14:10:02 2025: Peer 1003 received the 'have' message from Peer 1002 for the piece 113.
Wed Dec  3 14:10:02 2025: Peer 1003 received the 'interested' message from Peer 1002
Wed Dec  3 14:10:02 2025: Peer 1003 received the 'interested' message from Peer 1004
Wed Dec  3 14:10:02 2025: Peer 1003 received the 'interested' message from Peer 1002
Wed Dec  3 14:10:02 2025: Peer 1003 received the 'have' message from Peer 1004 for the piece 20.
Wed Dec  3 14:10:02 2025: Peer 1003 received the 'have' message from Peer 1002 for the piece 35.
Wed Dec  3 14:10:02 2025: Peer 1003 has downloaded the piece 98 from Peer 1001. Now the number of pieces it has is 2.
Wed Dec  3 14:10:02 2025: Peer 1003 received the 'interested' message from Peer 1002
Wed Dec  3 14:10:02 2025: Peer 1003 received the 'interested' message from Peer 1004
Wed Dec  3 14:10:02 2025: Peer 1003 received the 'have' message from Peer 1004 for the piece 4.
Wed Dec  3 14:10:02 2025: Peer 1003 received the 'have' message from Peer 1002 for the piece 56.
Wed Dec  3 14:10:02 2025: Peer 1003 has downloaded the piece 8 from Peer 1001. Now the number of pieces it has is 3.
Wed Dec  3 14:10:02 2025: Peer 1003 received the 'interested' message from Peer 1002
Wed Dec  3 14:10:02 2025: Peer 1003 received the 'interested' message from Peer 1004
Wed Dec  3 14:10:02 2025: Peer 1003 received the 'have' message from Peer 1004 for the piece 81.
Wed Dec  3 14:10:02 2025: Peer 1003 received the 'have' message from Peer 1002 for the piece 40.
Wed Dec  3 14:10:02 2025: Peer 1003 has downloaded the piece 42 from Peer 1001. Now the number of pieces it has is 4.
Wed Dec  3 14:10:02 2025: Peer 1003 received the 'interested' message from Peer 1002
Wed Dec  3 14:10:02 2025: Peer 1003 received the 'interested' message from Peer 1004
Wed Dec  3 14:10:02 2025: Peer 1003 received the 'have' message from Peer 1004 for the piece 38.
Wed Dec  3 14:10:02 2025: Peer 1003 received the 'have' message from Peer 1002 for the piece 81.
Wed Dec  3 14:10:02 2025: Peer 1003 has downloaded the piece 97 from Peer 1001. Now the number of pieces it has is 5.
Wed Dec  3 14:10:02 2025: Peer 1003 received the 'interested' message from Peer 1004
Wed Dec  3 14:10:02 2025: Peer 1003 received the 'interested' message from Peer 1002
Wed Dec  3 14:10:02 2025: Peer 1003 received the 'have' message from Peer 1004 for the piece 89.
Wed Dec  3 14:10:02 2025: Peer 1003 received the 'have' message from Peer 1002 for the piece 58.
Wed Dec  3 14:10:03 2025: Peer 1003 has downloaded the piece 107 from Peer 1001. Now the number of pieces it has is 6.
Wed Dec  3 14:10:03 2025: Peer 1003 received the 'interested' message from Peer 1002
Wed Dec  3 14:10:03 2025: Peer 1003 received the 'interested' message from Peer 1004
Wed Dec  3 14:10:03 2025: Peer 1003 received the 'have' message from Peer 1004 for the piece 57.
Wed Dec  3 14:10:03 2025: Peer 1003 received the 'have' message from Peer 1002 for the piece 42.
Wed Dec  3 14:10:03 2025: Peer 1003 has downloaded the piece 53 from Peer 1001. Now the number of pieces it has is 7.
Wed Dec  3 14:10:03 2025: Peer 1003 received the 'interested' message from Peer 1002
Wed Dec  3 14:10:03 2025: Peer 1003 received the 'interested' message from Peer 1004
Wed Dec  3 14:10:03 2025: Peer 1003 received the 'have' message from Peer 1004 for the piece 120.
Wed Dec  3 14:10:03 2025: Peer 1003 received the 'have' message from Peer 1002 for the piece 60.
Wed Dec  3 14:10:03 2025: Peer 1003 has downloaded the piece 10 from Peer 1001. Now the number of pieces it has is 8.
Wed Dec  3 14:10:03 2025: Peer 1003 received the 'interested' message from Peer 1002
Wed Dec  3 14:10:03 2025: Peer 1003 received the 'interested' message from Peer 1004
Wed Dec  3 14:10:03 2025: Peer 1003 received the 'have' message from Peer 1004 for the piece 41.
Wed Dec  3 14:10:03 2025: Peer 1003 received the 'have' message from Peer 1002 for the piece 73.
Wed Dec  3 14:10:03 2025: Peer 1003 has downloaded the piece 112 from Peer 1001. Now the number of pieces it has is 9.
Wed Dec  3 14:10:03 2025: Peer 1003 received the 'interested' message from Peer 1002
Wed Dec  3 14:10:03 2025: Peer 1003 received the 'interested' message from Peer 1004
Wed Dec  3 14:10:03 2025: Peer 1003 received the 'have' message from Peer 1004 for the piece 13.
Wed Dec  3 14:10:03 2025: Peer 1003 received the 'have' message from Peer 1002 for the piece 124.
Wed Dec  3 14:10:03 2025: Peer 1003 has downloaded the piece 49 from Peer 1001. Now the number of pieces it has is 10.
Wed Dec  3 14:10:03 2025: Peer 1003 received the 'interested' message from Peer 1002
Wed Dec  3 14:10:03 2025: Peer 1003 received the 'interested' message from Peer 1004
Wed Dec  3 14:10:03 2025: Peer 1003 received the 'have' message from Peer 1004 for the piece 0.
Wed Dec  3 14:10:03 2025: Peer 1003 received the 'have' message from Peer 1002 for the piece 131.
Wed Dec  3 14:10:03 2025: Peer 1003 has downloaded the piece 33 from Peer 1001. Now the number of pieces it has is 11.
Wed Dec  3 14:10:03 2025: Peer 1003 received the 'interested' message from Peer 1004
Wed Dec  3 14:10:03 2025: Peer 1003 received the 'interested' message from Peer 1002
Wed Dec  3 14:10:03 2025: Peer 1003 received the 'have' message from Peer 1004 for the piece 92.
Wed Dec  3 14:10:03 2025: Peer 1003 received the 'have' message from Peer 1002 for the piece 89.
Wed Dec  3 14:10:03 2025: Peer 1003 has downloaded the piece 50 from Peer 1001. Now the number of pieces it has is 12.
Wed Dec  3 14:10:03 2025: Peer 1003 received the 'interested' message from Peer 1002
Wed Dec  3 14:10:03 2025: Peer 1003 received the 'interested' message from Peer 1004
Wed Dec  3 14:10:03 2025: Peer 1003 received the 'have' message from Peer 1004 for the piece 109.
Wed Dec  3 14:10:03 2025: Peer 1003 received the 'have' message from Peer 1002 for the piece 25.
Wed Dec  3 14:10:03 2025: Peer 1003 has downloaded the piece 119 from Peer 1001. Now the number of pieces it has is 13.
Wed Dec  3 14:10:03 2025: Peer 1003 received the 'interested' message from Peer 1002
Wed Dec  3 14:10:03 2025: Peer 1003 received the 'interested' message from Peer 1004
Wed Dec  3 14:10:03 2025: Peer 1003 received the 'have' message from Peer 1004 for the piece 74.
Wed Dec  3 14:10:03 2025: Peer 1003 received the 'have' message from Peer 1002 for the piece 117.
Wed Dec  3 14:10:03 2025: Peer 1003 has downloaded the piece 114 from Peer 1001. Now the number of pieces it has is 14.
Wed Dec  3 14:10:03 2025: Peer 1003 received the 'interested' message from Peer 1002
Wed Dec  3 14:10:03 2025: Peer 1003 received the 'interested' message from Peer 1004
Wed Dec  3 14:10:03 2025: Peer 1003 received the 'have' message from Peer 1004 for the piece 26.
Wed Dec  3 14:10:03 2025: Peer 1003 received the 'have' message from Peer 1002 for the piece 123.
Wed Dec  3 14:10:03 2025: Peer 1003 has downloaded the piece 76 from Peer 1001. Now the number of pieces it has is 15.
Wed Dec  3 14:10:03 2025: Peer 1003 received the 'interested' message from Peer 1002
Wed Dec  3 14:10:03 2025: Peer 1003 received the 'interested' message from Peer 1004
Wed Dec  3 14:10:03 2025: Peer 1003 received the 'have' message from Peer 1004 for the piece 110.
Wed Dec  3 14:10:03 2025: Peer 1003 received the 'have' message from Peer 1002 for the piece 71.
Wed Dec  3 14:10:03 2025: Peer 1003 has downloaded the piece 70 from Peer 1001. Now the number of pieces it has is 16.
Wed Dec  3 14:10:03 2025: Peer 1003 received the 'interested' message from Peer 1002
Wed Dec  3 14:10:03 2025: Peer 1003 received the 'interested' message from Peer 1004
Wed Dec  3 14:10:03 2025: Peer 1003 received the 'have' message from Peer 1004 for the piece 82.
Wed Dec  3 14:10:03 2025: Peer 1003 received the 'have' message from Peer 1002 for the piece 37.
Wed Dec  3 14:10:03 2025: Peer 1003 has downloaded the piece 121 from Peer 1001. Now the number of pieces it has is 17.
Wed Dec  3 14:10:03 2025: Peer 1003 received the 'interested' message from Peer 1002
Wed Dec  3 14:10:03 2025: Peer 1003 received the 'interested' message from Peer 1004
Wed Dec  3 14:10:03 2025: Peer 1003 received the 'have' message from Peer 1004 for the piece 15.
Wed Dec  3 14:10:03 2025: Peer 1003 received the 'have' message from Peer 1002 for the piece 92.
Wed Dec  3 14:10:03 2025: Peer 1003 has downloaded the piece 118 from Peer 1001. Now the number of pieces it has is 18.
Wed Dec  3 14:10:03 2025: Peer 1003 received the 'interested' message from Peer 1002
Wed Dec  3 14:10:03 2025: Peer 1003 received the 'interested' message from Peer 1004
Wed Dec  3 14:10:03 2025: Peer 1003 received the 'have' message from Peer 1004 for the piece 68.
Wed Dec  3 14:10:03 2025: Peer 1003 received the 'have' message from Peer 1002 for the piece 128.
Wed Dec  3 14:10:03 2025: Peer 1003 has downloaded the piece 3 from Peer 1001. Now the number of pieces it has is 19.
Wed Dec  3 14:10:03 2025: Peer 1003 received the 'interested' message from Peer 1002
Wed Dec  3 14:10:03 2025: Peer 1003 received the 'interested' message from Peer 1004
Wed Dec  3 14:10:03 2025: Peer 1003 received the 'have' message from Peer 1004 for the piece 98.
Wed Dec  3 14:10:03 2025: Peer 1003 received the 'have' message from Peer 1002 for the piece 7.
Wed Dec  3 14:10:03 2025: Peer 1003 has downloaded the piece 108 from Peer 1001. Now the number of pieces it has is 20.
Wed Dec  3 14:10:03 2025: Peer 1003 received the 'interested' message from Peer 1002
Wed Dec  3 14:10:03 2025: Peer 1003 received the 'interested' message from Peer 1004
Wed Dec  3 14:10:03 2025: Peer 1003 received the 'have' message from Peer 1004 for the piece 27.
Wed Dec  3 14:10:03 2025: Peer 1003 received the 'have' message from Peer 1002 for the piece 50.
Wed Dec  3 14:10:03 2025: Peer 1003 has downloaded the piece 71 from Peer 1001. Now the number of pieces it has is 21.
Wed Dec  3 14:10:03 2025: Peer 1003 received the 'interested' message from Peer 1004
Wed Dec  3 14:10:03 2025: Peer 1003 received the 'have' message from Peer 1004 for the piece 75.
Wed Dec  3 14:10:03 2025: Peer 1003 received the 'have' message from Peer 1002 for the piece 83.
Wed Dec  3 14:10:03 2025: Peer 1003 has downloaded the piece 111 from Peer 1001. Now the number of pieces it has is 22.
Wed Dec  3 14:10:03 2025: Peer 1003 received the 'interested' message from Peer 1004
Wed Dec  3 14:10:03 2025: Peer 1003 received the 'interested' message from Peer 1002
Wed Dec  3 14:10:03 2025: Peer 1003 received the 'have' message from Peer 1004 for the piece 95.
Wed Dec  3 14:10:03 2025: Peer 1003 received the 'have' message from Peer 1002 for the piece 33.
Wed Dec  3 14:10:03 2025: Peer 1003 has downloaded the piece 122 from Peer 1001. Now the number of pieces it has is 23.
Wed Dec  3 14:10:03 2025: Peer 1003 received the 'interested' message from Peer 1002
Wed Dec  3 14:10:03 2025: Peer 1003 received the 'interested' message from Peer 1004
Wed Dec  3 14:10:03 2025: Peer 1003 received the 'have' message from Peer 1002 for the piece 8.
Wed Dec  3 14:10:03 2025: Peer 1003 received the 'have' message from Peer 1004 for the piece 122.
Wed Dec  3 14:10:03 2025: Peer 1003 has downloaded the piece 81 from Peer 1001. Now the number of pieces it has is 24.
Wed Dec  3 14:10:03 2025: Peer 1003 received the 'have' message from Peer 1002 for the piece 96.
Wed Dec  3 14:10:03 2025: Peer 1003 received the 'have' message from Peer 1004 for the piece 103.
Wed Dec  3 14:10:03 2025: Peer 1003 has downloaded the piece 84 from Peer 1001. Now the number of pieces it has is 25.
Wed Dec  3 14:10:03 2025: Peer 1003 received the 'interested' message from Peer 1002
Wed Dec  3 14:10:03 2025: Peer 1003 received the 'interested' message from Peer 1004
Wed Dec  3 14:10:03 2025: Peer 1003 received the 'have' message from Peer 1002 for the piece 115.
Wed Dec  3 14:10:03 2025: Peer 1003 received the 'have' message from Peer 1004 for the piece 19.
Wed Dec  3 14:10:03 2025: Peer 1003 has downloaded the piece 93 from Peer 1001. Now the number of pieces it has is 26.
Wed Dec  3 14:10:03 2025: Peer 1003 received the 'interested' message from Peer 1002
Wed Dec  3 14:10:03 2025: Peer 1003 received the 'interested' message from Peer 1004
Wed Dec  3 14:10:03 2025: Peer 1003 received the 'have' message from Peer 1002 for the piece 55.
Wed Dec  3 14:10:03 2025: Peer 1003 received the 'have' message from Peer 1004 for the piece 71.
Wed Dec  3 14:10:03 2025: Peer 1003 has downloaded the piece 35 from Peer 1001. Now the number of pieces it has is 27.
Wed Dec  3 14:10:03 2025: Peer 1003 received the 'interested' message from Peer 1004
Wed Dec  3 14:10:03 2025: Peer 1003 received the 'have' message from Peer 1002 for the piece 127.
Wed Dec  3 14:10:03 2025: Peer 1003 received the 'have' message from Peer 1004 for the piece 37.
Wed Dec  3 14:10:03 2025: Peer 1003 has downloaded the piece 9 from Peer 1001. Now the number of pieces it has is 28.
Wed Dec  3 14:10:03 2025: Peer 1003 received the 'interested' message from Peer 1002
Wed Dec  3 14:10:03 2025: Peer 1003 received the 'interested' message from Peer 1004
Wed Dec  3 14:10:03 2025: Peer 1003 received the 'have' message from Peer 1002 for the piece 5.
Wed Dec  3 14:10:03 2025: Peer 1003 received the 'have' message from Peer 1004 for the piece 85.
Wed Dec  3 14:10:03 2025: Peer 1003 has downloaded the piece 39 from Peer 1001. Now the number of pieces it has is 29.
Wed Dec  3 14:10:03 2025: Peer 1003 received the 'interested' message from Peer 1004
Wed Dec  3 14:10:03 2025: Peer 1003 received the 'interested' message from Peer 1002
Wed Dec  3 14:10:03 2025: Peer 1003 received the 'have' message from Peer 1002 for the piece 39.
Wed Dec  3 14:10:03 2025: Peer 1003 received the 'have' message from Peer 1004 for the piece 118.
Wed Dec  3 14:10:03 2025: Peer 1003 has downloaded the piece 113 from Peer 1001. Now the number of pieces it has is 30.
Wed Dec  3 14:10:03 2025: Peer 1003 received the 'interested' message from Peer 1004
Wed Dec  3 14:10:03 2025: Peer 1003 received the 'have' message from Peer 1002 for the piece 104.
Wed Dec  3 14:10:03 2025: Peer 1003 received the 'have' message from Peer 1004 for the piece 3.
Wed Dec  3 14:10:03 2025: Peer 1003 has downloaded the piece 36 from Peer 1001. Now the number of pieces it has is 31.
Wed Dec  3 14:10:03 2025: Peer 1003 received the 'interested' message from Peer 1002
Wed Dec  3 14:10:03 2025: Peer 1003 received the 'interested' message from Peer 1004
Wed Dec  3 14:10:03 2025: Peer 1003 received the 'have' message from Peer 1002 for the piece 72.
Wed Dec  3 14:10:03 2025: Peer 1003 has downloaded the piece 14 from Peer 1001. Now the number of pieces it has is 32.
Wed Dec  3 14:10:03 2025: Peer 1003 received the 'interested' message from Peer 1004
Wed Dec  3 14:10:03 2025: Peer 1003 received the 'interested' message from Peer 1002
Wed Dec  3 14:10:03 2025: Peer 1003 received the 'have' message from Peer 1004 for the piece 25.
Wed Dec  3 14:10:03 2025: Peer 1003 received the 'have' message from Peer 1002 for the piece 122.
Wed Dec  3 14:10:03 2025: Peer 1003 has downloaded the piece 32 from Peer 1001. Now the number of pieces it has is 33.
Wed Dec  3 14:10:03 2025: Peer 1003 received the 'interested' message from Peer 1002
Wed Dec  3 14:10:03 2025: Peer 1003 received the 'interested' message from Peer 1004
Wed Dec  3 14:10:03 2025: Peer 1003 received the 'have' message from Peer 1004 for the piece 35.
Wed Dec  3 14:10:03 2025: Peer 1003 received the 'have' message from Peer 1002 for the piece 106.
Wed Dec  3 14:10:03 2025: Peer 1003 has downloaded the piece 115 from Peer 1001. Now the number of pieces it has is 34.
Wed Dec  3 14:10:03 2025: Peer 1003 received the 'interested' message from Peer 1004
Wed Dec  3 14:10:03 2025: Peer 1003 received the 'have' message from Peer 1004 for the piece 18.
Wed Dec  3 14:10:03 2025: Peer 1003 received the 'have' message from Peer 1002 for the piece 12.
Wed Dec  3 14:10:03 2025: Peer 1003 has downloaded the piece 80 from Peer 1001. Now the number of pieces it has is 35.
Wed Dec  3 14:10:03 2025: Peer 1003 received the 'interested' message from Peer 1002
Wed Dec  3 14:10:03 2025: Peer 1003 received the 'interested' message from Peer 1004
Wed Dec  3 14:10:03 2025: Peer 1003 received the 'have' message from Peer 1004 for the piece 94.
Wed Dec  3 14:10:03 2025: Peer 1003 received the 'have' message from Peer 1002 for the piece 30.
Wed Dec  3 14:10:03 2025: Peer 1003 has downloaded the piece 41 from Peer 1001. Now the number of pieces it has is 36.
Wed Dec  3 14:10:03 2025: Peer 1003 received the 'interested' message from Peer 1002
Wed Dec  3 14:10:03 2025: Peer 1003 received the 'have' message from Peer 1004 for the piece 52.
Wed Dec  3 14:10:03 2025: Peer 1003 is unchoked by Peer 1002
Wed Dec  3 14:10:03 2025: Peer 1003 has downloaded the piece 19 from Peer 1001. Now the number of pieces it has is 37.
Wed Dec  3 14:10:03 2025: Peer 1003 has downloaded the piece 92 from Peer 1002. Now the number of pieces it has is 38.
Wed Dec  3 14:10:03 2025: Peer 1003 received the 'have' message from Peer 1004 for the piece 39.
Wed Dec  3 14:10:03 2025: Peer 1003 received the 'have' message from Peer 1002 for the piece 18.
Wed Dec  3 14:10:03 2025: Peer 1003 received the 'interested' message from Peer 1002
Wed Dec  3 14:10:03 2025: Peer 1003 received the 'have' message from Peer 1004 for the piece 33.
Wed Dec  3 14:10:03 2025: Peer 1003 has downloaded the piece 117 from Peer 1002. Now the number of pieces it has is 39.
Wed Dec  3 14:10:03 2025: Peer 1003 has downloaded the piece 57 from Peer 1001. Now the number of pieces it has is 40.
Wed Dec  3 14:10:03 2025: Peer 1003 received the 'have' message from Peer 1002 for the piece 132.
Wed Dec  3 14:10:03 2025: Peer 1003 received the 'interested' message from Peer 1004
Wed Dec  3 14:10:03 2025: Peer 1003 received the 'have' message from Peer 1004 for the piece 131.
Wed Dec  3 14:10:03 2025: Peer 1003 has downloaded the piece 89 from Peer 1002. Now the number of pieces it has is 41.
Wed Dec  3 14:10:03 2025: Peer 1003 has downloaded the piece 103 from Peer 1001. Now the number of pieces it has is 42.
Wed Dec  3 14:10:03 2025: Peer 1003 received the 'interested' message from Peer 1002
Wed Dec  3 14:10:03 2025: Peer 1003 received the 'have' message from Peer 1002 for the piece 80.
Wed Dec  3 14:10:03 2025: Peer 1003 received the 'have' message from Peer 1004 for the piece 7.
Wed Dec  3 14:10:03 2025: Peer 1003 has downloaded the piece 131 from Peer 1002. Now the number of pieces it has is 43.
Wed Dec  3 14:10:03 2025: Peer 1003 has downloaded the piece 69 from Peer 1001. Now the number of pieces it has is 44.
Wed Dec  3 14:10:03 2025: Peer 1003 received the 'interested' message from Peer 1002
Wed Dec  3 14:10:03 2025: Peer 1003 received the 'interested' message from Peer 1004
Wed Dec  3 14:10:03 2025: Peer 1003 received the 'have' message from Peer 1002 for the piece 118.
Wed Dec  3 14:10:03 2025: Peer 1003 received the 'interested' message from Peer 1002
Wed Dec  3 14:10:03 2025: Peer 1003 received the 'have' message from Peer 1002 for the piece 94.
Wed Dec  3 14:10:03 2025: Peer 1003 received the 'have' message from Peer 1004 for the piece 8.
Wed Dec  3 14:10:03 2025: Peer 1003 has downloaded the piece 25 from Peer 1002. Now the number of pieces it has is 45.
Wed Dec  3 14:10:03 2025: Peer 1003 has downloaded the piece 60 from Peer 1001. Now the number of pieces it has is 46.
Wed Dec  3 14:10:03 2025: Peer 1003 received the 'interested' message from Peer 1004
Wed Dec  3 14:10:03 2025: Peer 1003 received the 'have' message from Peer 1004 for the piece 49.
Wed Dec  3 14:10:03 2025: Peer 1003 has downloaded the piece 16 from Peer 1001. Now the number of pieces it has is 47.
Wed Dec  3 14:10:03 2025: Peer 1003 has downloaded the piece 30 from Peer 1002. Now the number of pieces it has is 48.
Wed Dec  3 14:10:03 2025: Peer 1003 received the 'interested' message from Peer 1004
Wed Dec  3 14:10:03 2025: Peer 1003 received the 'have' message from Peer 1002 for the piece 102.
Wed Dec  3 14:10:03 2025: Peer 1003 received the 'interested' message from Peer 1004
Wed Dec  3 14:10:03 2025: Peer 1003 received the 'interested' message from Peer 1002
Wed Dec  3 14:10:03 2025: Peer 1003 received the 'have' message from Peer 1004 for the piece 125.
Wed Dec  3 14:10:03 2025: Peer 1003 has downloaded the piece 104 from Peer 1002. Now the number of pieces it has is 49.
Wed Dec  3 14:10:03 2025: Peer 1003 has downloaded the piece 11 from Peer 1001. Now the number of pieces it has is 50.
Wed Dec  3 14:10:03 2025: Peer 1003 received the 'have' message from Peer 1002 for the piece 93.
Wed Dec  3 14:10:03 2025: Peer 1003 received the 'interested' message from Peer 1004
Wed Dec  3 14:10:04 2025: Peer 1003 received the 'interested' message from Peer 1004
Wed Dec  3 14:10:04 2025: Peer 1003 received the 'interested' message from Peer 1002
Wed Dec  3 14:10:04 2025: Peer 1003 received the 'have' message from Peer 1004 for the piece 101.
Wed Dec  3 14:10:04 2025: Peer 1003 has downloaded the piece 102 from Peer 1002. Now the number of pieces it has is 51.
Wed Dec  3 14:10:04 2025: Peer 1003 has downloaded the piece 17 from Peer 1001. Now the number of pieces it has is 52.
Wed Dec  3 14:10:04 2025: Peer 1003 received the 'interested' message from Peer 1004
Wed Dec  3 14:10:04 2025: Peer 1003 received the 'have' message from Peer 1002 for the piece 9.
Wed Dec  3 14:10:04 2025: Peer 1003 received the 'interested' message from Peer 1004
Wed Dec  3 14:10:04 2025: Peer 1003 received the 'have' message from Peer 1004 for the piece 102.
Wed Dec  3 14:10:04 2025: Peer 1003 has downloaded the piece 106 from Peer 1002. Now the number of pieces it has is 53.
Wed Dec  3 14:10:04 2025: Peer 1003 has downloaded the piece 79 from Peer 1001. Now the number of pieces it has is 54.
Wed Dec  3 14:10:04 2025: Peer 1003 received the 'interested' message from Peer 1002
Wed Dec  3 14:10:04 2025: Peer 1003 received the 'interested' message from Peer 1004
Wed Dec  3 14:10:04 2025: Peer 1003 received the 'have' message from Peer 1002 for the piece 38.
Wed Dec  3 14:10:04 2025: Peer 1003 received the 'interested' message from Peer 1004
Wed Dec  3 14:10:04 2025: Peer 1003 received the 'interested' message from Peer 1002
Wed Dec  3 14:10:04 2025: Peer 1003 received the 'have' message from Peer 1002 for the piece 114.
Wed Dec  3 14:10:04 2025: Peer 1003 received the 'have' message from Peer 1004 for the piece 12.
Wed Dec  3 14:10:04 2025: Peer 1003 has downloaded the piece 7 from Peer 1001. Now the number of pieces it has is 55.
Wed Dec  3 14:10:04 2025: Peer 1003 has downloaded the piece 123 from Peer 1002. Now the number of pieces it has is 57.
Wed Dec  3 14:10:04 2025: Peer 1003 has downloaded the piece 34 from Peer 1001. Now the number of pieces it has is 56.
Wed Dec  3 14:10:04 2025: Peer 1003 received the 'have' message from Peer 1004 for the piece 24.
Wed Dec  3 14:10:04 2025: Peer 1003 received the 'have' message from Peer 1002 for the piece 112.
Wed Dec  3 14:10:04 2025: Peer 1003 received the 'interested' message from Peer 1004
Wed Dec  3 14:10:04 2025: Peer 1003 received the 'have' message from Peer 1002 for the piece 13.
Wed Dec  3 14:10:04 2025: Peer 1003 received the 'interested' message from Peer 1004
Wed Dec  3 14:10:04 2025: Peer 1003 has downloaded the piece 23 from Peer 1001. Now the number of pieces it has is 58.
Wed Dec  3 14:10:04 2025: Peer 1003 received the 'interested' message from Peer 1004
Wed Dec  3 14:10:04 2025: Peer 1003 received the 'have' message from Peer 1004 for the piece 104.
Wed Dec  3 14:10:04 2025: Peer 1003 has downloaded the piece 40 from Peer 1001. Now the number of pieces it has is 59.
Wed Dec  3 14:10:04 2025: Peer 1003 has downloaded the piece 94 from Peer 1002. Now the number of pieces it has is 60.
Wed Dec  3 14:10:04 2025: Peer 1003 received the 'interested' message from Peer 1004
Wed Dec  3 14:10:04 2025: Peer 1003 received the 'interested' message from Peer 1002
Wed Dec  3 14:10:04 2025: Peer 1003 received the 'have' message from Peer 1004 for the piece 126.
Wed Dec  3 14:10:04 2025: Peer 1003 received the 'have' message from Peer 1002 for the piece 4.
Wed Dec  3 14:10:04 2025: Peer 1003 received the 'interested' message from Peer 1002
Wed Dec  3 14:10:04 2025: Peer 1003 received the 'have' message from Peer 1002 for the piece 125.
Wed Dec  3 14:10:04 2025: Peer 1003 has downloaded the piece 125 from Peer 1001. Now the number of pieces it has is 61.
Wed Dec  3 14:10:04 2025: Peer 1003 received the 'have' message from Peer 1002 for the piece 27.
Wed Dec  3 14:10:04 2025: Peer 1003 received the 'have' message from Peer 1004 for the piece 65.
Wed Dec  3 14:10:04 2025: Peer 1003 has downloaded the piece 48 from Peer 1001. Now the number of pieces it has is 62.
Wed Dec  3 14:10:04 2025: Peer 1003 has downloaded the piece 128 from Peer 1002. Now the number of pieces it has is 63.
Wed Dec  3 14:10:04 2025: Peer 1003 received the 'have' message from Peer 1004 for the piece 116.
Wed Dec  3 14:10:04 2025: Peer 1003 received the 'have' message from Peer 1002 for the piece 70.
Wed Dec  3 14:10:04 2025: Peer 1003 received the 'interested' message from Peer 1004
Wed Dec  3 14:10:04 2025: Peer 1003 received the 'interested' message from Peer 1002
Wed Dec  3 14:10:04 2025: Peer 1003 received the 'interested' message from Peer 1004
Wed Dec  3 14:10:04 2025: Peer 1003 has downloaded the piece 63 from Peer 1001. Now the number of pieces it has is 64.
Wed Dec  3 14:10:04 2025: Peer 1003 received the 'interested' message from Peer 1004
Wed Dec  3 14:10:04 2025: Peer 1003 received the 'have' message from Peer 1004 for the piece 127.
Wed Dec  3 14:10:04 2025: Peer 1003 has downloaded the piece 37 from Peer 1002. Now the number of pieces it has is 65.
Wed Dec  3 14:10:04 2025: Peer 1003 has downloaded the piece 75 from Peer 1001. Now the number of pieces it has is 66.
Wed Dec  3 14:10:04 2025: Peer 1003 received the 'interested' message from Peer 1002
Wed Dec  3 14:10:04 2025: Peer 1003 received the 'have' message from Peer 1002 for the piece 77.
Wed Dec  3 14:10:04 2025: Peer 1003 received the 'interested' message from Peer 1002
Wed Dec  3 14:10:04 2025: Peer 1003 received the 'have' message from Peer 1004 for the piece 100.
Wed Dec  3 14:10:04 2025: Peer 1003 received the 'have' message from Peer 1002 for the piece 109.
Wed Dec  3 14:10:04 2025: Peer 1003 has downloaded the piece 95 from Peer 1001. Now the number of pieces it has is 67.
Wed Dec  3 14:10:04 2025: Peer 1003 received the 'have' message from Peer 1004 for the piece 31.
Wed Dec  3 14:10:04 2025: Peer 1003 has downloaded the piece 44 from Peer 1001. Now the number of pieces it has is 68.
Wed Dec  3 14:10:04 2025: Peer 1003 has downloaded the piece 38 from Peer 1002. Now the number of pieces it has is 69.
Wed Dec  3 14:10:04 2025: Peer 1003 received the 'have' message from Peer 1002 for the piece 79.
Wed Dec  3 14:10:04 2025: Peer 1003 received the 'interested' message from Peer 1004
Wed Dec  3 14:10:04 2025: Peer 1003 received the 'interested' message from Peer 1002
Wed Dec  3 14:10:04 2025: Peer 1003 received the 'have' message from Peer 1002 for the piece 59.
Wed Dec  3 14:10:04 2025: Peer 1003 received the 'interested' message from Peer 1002
Wed Dec  3 14:10:04 2025: Peer 1003 received the 'have' message from Peer 1004 for the piece 88.
Wed Dec  3 14:10:04 2025: Peer 1003 has downloaded the piece 5 from Peer 1002. Now the number of pieces it has is 70.
Wed Dec  3 14:10:04 2025: Peer 1003 has downloaded the piece 59 from Peer 1001. Now the number of pieces it has is 71.
Wed Dec  3 14:10:04 2025: Peer 1003 received the 'interested' message from Peer 1004
Wed Dec  3 14:10:04 2025: Peer 1003 received the 'interested' message from Peer 1004
Wed Dec  3 14:10:04 2025: Peer 1003 received the 'have' message from Peer 1004 for the piece 73.
Wed Dec  3 14:10:04 2025: Peer 1003 has downloaded the piece 109 from Peer 1001. Now the number of pieces it has is 72.
Wed Dec  3 14:10:04 2025: Peer 1003 has downloaded the piece 132 from Peer 1002. Now the number of pieces it has is 73.
Wed Dec  3 14:10:04 2025: Peer 1003 received the 'have' message from Peer 1002 for the piece 66.
Wed Dec  3 14:10:04 2025: Peer 1003 received the 'interested' message from Peer 1004
Wed Dec  3 14:10:04 2025: Peer 1003 received the 'have' message from Peer 1004 for the piece 76.
Wed Dec  3 14:10:04 2025: Peer 1003 has downloaded the piece 127 from Peer 1002. Now the number of pieces it has is 74.
Wed Dec  3 14:10:04 2025: Peer 1003 has downloaded the piece 77 from Peer 1001. Now the number of pieces it has is 75.
Wed Dec  3 14:10:04 2025: Peer 1003 received the 'have' message from Peer 1002 for the piece 101.
Wed Dec  3 14:10:04 2025: Peer 1003 received the 'have' message from Peer 1004 for the piece 2.
Wed Dec  3 14:10:04 2025: Peer 1003 received the 'interested' message from Peer 1004
Wed Dec  3 14:10:04 2025: Peer 1003 has downloaded the piece 46 from Peer 1001. Now the number of pieces it has is 76.
Wed Dec  3 14:10:04 2025: Peer 1003 has downloaded the piece 83 from Peer 1002. Now the number of pieces it has is 77.
Wed Dec  3 14:10:04 2025: Peer 1003 received the 'have' message from Peer 1002 for the piece 82.
Wed Dec  3 14:10:04 2025: Peer 1003 received the 'interested' message from Peer 1002
Wed Dec  3 14:10:04 2025: Peer 1003 received the 'interested' message from Peer 1004
Wed Dec  3 14:10:04 2025: Peer 1003 received the 'interested' message from Peer 1004
Wed Dec  3 14:10:04 2025: Peer 1003 received the 'have' message from Peer 1004 for the piece 28.
Wed Dec  3 14:10:04 2025: Peer 1003 has downloaded the piece 56 from Peer 1002. Now the number of pieces it has is 78.
Wed Dec  3 14:10:04 2025: Peer 1003 has downloaded the piece 52 from Peer 1001. Now the number of pieces it has is 79.
Wed Dec  3 14:10:04 2025: Peer 1003 received the 'interested' message from Peer 1004
Wed Dec  3 14:10:04 2025: Peer 1003 received the 'have' message from Peer 1002 for the piece 26.
Wed Dec  3 14:10:04 2025: Peer 1003 received the 'have' message from Peer 1004 for the piece 105.
Wed Dec  3 14:10:04 2025: Peer 1003 has downloaded the piece 82 from Peer 1001. Now the number of pieces it has is 80.
Wed Dec  3 14:10:04 2025: Peer 1003 has downloaded the piece 101 from Peer 1002. Now the number of pieces it has is 81.
Wed Dec  3 14:10:04 2025: Peer 1003 received the 'have' message from Peer 1002 for the piece 29.
Wed Dec  3 14:10:04 2025: Peer 1003 received the 'have' message from Peer 1004 for the piece 45.
Wed Dec  3 14:10:04 2025: Peer 1003 has downloaded the piece 18 from Peer 1001. Now the number of pieces it has is 82.
Wed Dec  3 14:10:04 2025: Peer 1003 has downloaded the piece 26 from Peer 1002. Now the number of pieces it has is 83.
Wed Dec  3 14:10:04 2025: Peer 1003 received the 'have' message from Peer 1002 for the piece 19.
Wed Dec  3 14:10:04 2025: Peer 1003 received the 'have' message from Peer 1004 for the piece 99.
Wed Dec  3 14:10:04 2025: Peer 1003 has downloaded the piece 58 from Peer 1002. Now the number of pieces it has is 84.
Wed Dec  3 14:10:04 2025: Peer 1003 has downloaded the piece 12 from Peer 1001. Now the number of pieces it has is 85.
Wed Dec  3 14:10:04 2025: Peer 1003 received the 'interested' message from Peer 1004
Wed Dec  3 14:10:04 2025: Peer 1003 received the 'have' message from Peer 1002 for the piece 65.
Wed Dec  3 14:10:04 2025: Peer 1003 received the 'have' message from Peer 1004 for the piece 78.
Wed Dec  3 14:10:04 2025: Peer 1003 has downloaded the piece 27 from Peer 1002. Now the number of pieces it has is 86.
Wed Dec  3 14:10:04 2025: Peer 1003 has downloaded the piece 47 from Peer 1001. Now the number of pieces it has is 87.
Wed Dec  3 14:10:04 2025: Peer 1003 received the 'have' message from Peer 1002 for the piece 116.
Wed Dec  3 14:10:04 2025: Peer 1003 received the 'interested' message from Peer 1004
Wed Dec  3 14:10:04 2025: Peer 1003 received the 'have' message from Peer 1004 for the piece 51.
Wed Dec  3 14:10:04 2025: Peer 1003 has downloaded the piece 51 from Peer 1001. Now the number of pieces it has is 88.
Wed Dec  3 14:10:04 2025: Peer 1003 has downloaded the piece 66 from Peer 1002. Now the number of pieces it has is 89.
Wed Dec  3 14:10:04 2025: Peer 1003 received the 'have' message from Peer 1002 for the piece 95.
Wed Dec  3 14:10:04 2025: Peer 1003 received the 'interested' message from Peer 1002
Wed Dec  3 14:10:04 2025: Peer 1003 received the 'interested' message from Peer 1002
Wed Dec  3 14:10:04 2025: Peer 1003 received the 'interested' message from Peer 1004
Wed Dec  3 14:10:04 2025: Peer 1003 received the 'have' message from Peer 1004 for the piece 9.
Wed Dec  3 14:10:04 2025: Peer 1003 has downloaded the piece 13 from Peer 1001. Now the number of pieces it has is 90.
Wed Dec  3 14:10:04 2025: Peer 1003 has downloaded the piece 29 from Peer 1002. Now the number of pieces it has is 91.
Wed Dec  3 14:10:04 2025: Peer 1003 received the 'have' message from Peer 1002 for the piece 69.
Wed Dec  3 14:10:04 2025: Peer 1003 received the 'interested' message from Peer 1004
Wed Dec  3 14:10:04 2025: Peer 1003 received the 'have' message from Peer 1004 for the piece 34.
Wed Dec  3 14:10:04 2025: Peer 1003 received the 'have' message from Peer 1002 for the piece 43.
Wed Dec  3 14:10:04 2025: Peer 1003 has the preferred neighbors 1002, 1004.
Wed Dec  3 14:10:04 2025: Peer 1003 has downloaded the piece 126 from Peer 1001. Now the number of pieces it has is 92.
Wed Dec  3 14:10:04 2025: Peer 1003 has downloaded the piece 65 from Peer 1002. Now the number of pieces it has is 93.
Wed Dec  3 14:10:04 2025: Peer 1003 has downloaded the piece 45 from Peer 1001. Now the number of pieces it has is 94.
Wed Dec  3 14:10:04 2025: Peer 1003 received the 'have' message from Peer 1004 for the piece 60.
Wed Dec  3 14:10:04 2025: Peer 1003 received the 'have' message from Peer 1002 for the piece 85.
Wed Dec  3 14:10:04 2025: Peer 1003 has downloaded the piece 74 from Peer 1001. Now the number of pieces it has is 95.
Wed Dec  3 14:10:04 2025: Peer 1003 received the 'interested' message from Peer 1002
Wed Dec  3 14:10:04 2025: Peer 1003 received the 'interested' message from Peer 1002
Wed Dec  3 14:10:04 2025: Peer 1003 received the 'have' message from Peer 1004 for the piece 58.
Wed Dec  3 14:10:04 2025: Peer 1003 received the 'have' message from Peer 1004 for the piece 11.
Wed Dec  3 14:10:04 2025: Peer 1003 has downloaded the piece 4 from Peer 1002. Now the number of pieces it has is 96.
Wed Dec  3 14:10:04 2025: Peer 1003 has downloaded the piece 105 from Peer 1001. Now the number of pieces it has is 97.
Wed Dec  3 14:10:04 2025: Peer 1003 received the 'have' message from Peer 1002 for the piece 105.
Wed Dec  3 14:10:04 2025: Peer 1003 received the 'have' message from Peer 1002 for the piece 10.
Wed Dec  3 14:10:04 2025: Peer 1003 received the 'interested' message from Peer 1002
Wed Dec  3 14:10:04 2025: Peer 1003 has downloaded the piece 86 from Peer 1001. Now the number of pieces it has is 98.
Wed Dec  3 14:10:04 2025: Peer 1003 received the 'have' message from Peer 1004 for the piece 66.
Wed Dec  3 14:10:04 2025: Peer 1003 has downloaded the piece 43 from Peer 1002. Now the number of pieces it has is 99.
Wed Dec  3 14:10:04 2025: Peer 1003 received the 'interested' message from Peer 1004
Wed Dec  3 14:10:04 2025: Peer 1003 has downloaded the piece 88 from Peer 1001. Now the number of pieces it has is 100.
Wed Dec  3 14:10:04 2025: Peer 1003 received the 'have' message from Peer 1002 for the piece 32.
Wed Dec  3 14:10:04 2025: Peer 1003 received the 'have' message from Peer 1004 for the piece 16.
Wed Dec  3 14:10:04 2025: Peer 1003 received the 'have' message from Peer 1002 for the piece 74.
Wed Dec  3 14:10:04 2025: Peer 1003 received the 'have' message from Peer 1004 for the piece 111.
Wed Dec  3 14:10:04 2025: Peer 1003 has downloaded the piece 78 from Peer 1001. Now the number of pieces it has is 101.
Wed Dec  3 14:10:04 2025: Peer 1003 received the 'interested' message from Peer 1004
Wed Dec  3 14:10:04 2025: Peer 1003 received the 'interested' message from Peer 1002
Wed Dec  3 14:10:04 2025: Peer 1003 received the 'have' message from Peer 1004 for the piece 97.
Wed Dec  3 14:10:04 2025: Peer 1003 has downloaded the piece 73 from Peer 1002. Now the number of pieces it has is 102.
Wed Dec  3 14:10:04 2025: Peer 1003 has downloaded the piece 96 from Peer 1001. Now the number of pieces it has is 103.
Wed Dec  3 14:10:04 2025: Peer 1003 received the 'have' message from Peer 1004 for the piece 67.
Wed Dec  3 14:10:04 2025: Peer 1003 received the 'interested' message from Peer 1002
Wed Dec  3 14:10:04 2025: Peer 1003 received the 'have' message from Peer 1002 for the piece 2.
Wed Dec  3 14:10:04 2025: Peer 1003 received the 'have' message from Peer 1002 for the piece 41.
Wed Dec  3 14:10:04 2025: Peer 1003 has downloaded the piece 55 from Peer 1001. Now the number of pieces it has is 104.
Wed Dec  3 14:10:04 2025: Peer 1003 received the 'interested' message from Peer 1004
Wed Dec  3 14:10:04 2025: Peer 1003 received the 'have' message from Peer 1004 for the piece 53.
Wed Dec  3 14:10:04 2025: Peer 1003 received the 'interested' message from Peer 1002
Wed Dec  3 14:10:04 2025: Peer 1003 received the 'have' message from Peer 1002 for the piece 67.
Wed Dec  3 14:10:04 2025: Peer 1003 has downloaded the piece 22 from Peer 1001. Now the number of pieces it has is 106.
Wed Dec  3 14:10:04 2025: Peer 1003 has downloaded the piece 116 from Peer 1002. Now the number of pieces it has is 105.
Wed Dec  3 14:10:04 2025: Peer 1003 received the 'have' message from Peer 1002 for the piece 100.
Wed Dec  3 14:10:04 2025: Peer 1003 received the 'have' message from Peer 1004 for the piece 17.
Wed Dec  3 14:10:04 2025: Peer 1003 has downloaded the piece 67 from Peer 1001. Now the number of pieces it has is 107.
Wed Dec  3 14:10:04 2025: Peer 1003 received the 'have' message from Peer 1002 for the piece 62.
Wed Dec  3 14:10:04 2025: Peer 1003 received the 'interested' message from Peer 1004
Wed Dec  3 14:10:04 2025: Peer 1003 received the 'interested' message from Peer 1002
Wed Dec  3 14:10:04 2025: Peer 1003 received the 'interested' message from Peer 1004
Wed Dec  3 14:10:04 2025: Peer 1003 received the 'have' message from Peer 1004 for the piece 108.
Wed Dec  3 14:10:04 2025: Peer 1003 has downloaded the piece 72 from Peer 1002. Now the number of pieces it has is 108.
Wed Dec  3 14:10:04 2025: Peer 1003 has downloaded the piece 85 from Peer 1001. Now the number of pieces it has is 109.
Wed Dec  3 14:10:04 2025: Peer 1003 received the 'have' message from Peer 1002 for the piece 21.
Wed Dec  3 14:10:04 2025: Peer 1003 received the 'have' message from Peer 1002 for the piece 110.
Wed Dec  3 14:10:04 2025: Peer 1003 received the 'have' message from Peer 1004 for the piece 44.
Wed Dec  3 14:10:04 2025: Peer 1003 has downloaded the piece 87 from Peer 1001. Now the number of pieces it has is 110.
Wed Dec  3 14:10:04 2025: Peer 1003 received the 'interested' message from Peer 1004
Wed Dec  3 14:10:04 2025: Peer 1003 received the 'have' message from Peer 1004 for the piece 91.
Wed Dec  3 14:10:04 2025: Peer 1003 has downloaded the piece 124 from Peer 1002. Now the number of pieces it has is 111.
Wed Dec  3 14:10:04 2025: Peer 1003 has downloaded the piece 6 from Peer 1001. Now the number of pieces it has is 112.
Wed Dec  3 14:10:04 2025: Peer 1003 received the 'interested' message from Peer 1004
Wed Dec  3 14:10:04 2025: Peer 1003 received the 'have' message from Peer 1002 for the piece 15.
Wed Dec  3 14:10:04 2025: Peer 1003 received the 'have' message from Peer 1002 for the piece 23.
Wed Dec  3 14:10:04 2025: Peer 1003 received the 'have' message from Peer 1004 for the piece 42.
Wed Dec  3 14:10:05 2025: Peer 1003 has downloaded the piece 31 from Peer 1001. Now the number of pieces it has is 113.
Wed Dec  3 14:10:05 2025: Peer 1003 received the 'interested' message from Peer 1004
Wed Dec  3 14:10:05 2025: Peer 1003 received the 'interested' message from Peer 1002
Wed Dec  3 14:10:05 2025: Peer 1003 received the 'interested' message from Peer 1004
Wed Dec  3 14:10:05 2025: Peer 1003 received the 'interested' message from Peer 1002
Wed Dec  3 14:10:05 2025: Peer 1003 has downloaded the piece 110 from Peer 1002. Now the number of pieces it has is 114.
Wed Dec  3 14:10:05 2025: Peer 1003 has downloaded the piece 68 from Peer 1001. Now the number of pieces it has is 115.
Wed Dec  3 14:10:05 2025: Peer 1003 received the 'have' message from Peer 1004 for the piece 93.
Wed Dec  3 14:10:05 2025: Peer 1003 received the 'have' message from Peer 1002 for the piece 76.
Wed Dec  3 14:10:05 2025: Peer 1003 received the 'have' message from Peer 1004 for the piece 84.
Wed Dec  3 14:10:05 2025: Peer 1003 has downloaded the piece 90 from Peer 1001. Now the number of pieces it has is 116.
Wed Dec  3 14:10:05 2025: Peer 1003 received the 'have' message from Peer 1002 for the piece 130.
Wed Dec  3 14:10:05 2025: Peer 1003 received the 'interested' message from Peer 1002
Wed Dec  3 14:10:05 2025: Peer 1003 received the 'interested' message from Peer 1002
Wed Dec  3 14:10:05 2025: Peer 1003 has downloaded the piece 15 from Peer 1001. Now the number of pieces it has is 117.
Wed Dec  3 14:10:05 2025: Peer 1003 received the 'interested' message from Peer 1004
Wed Dec  3 14:10:05 2025: Peer 1003 has downloaded the piece 62 from Peer 1002. Now the number of pieces it has is 118.
Wed Dec  3 14:10:05 2025: Peer 1003 received the 'have' message from Peer 1004 for the piece 48.
Wed Dec  3 14:10:05 2025: Peer 1003 received the 'have' message from Peer 1002 for the piece 22.
Wed Dec  3 14:10:05 2025: Peer 1003 received the 'have' message from Peer 1002 for the piece 61.
Wed Dec  3 14:10:05 2025: Peer 1003 received the 'have' message from Peer 1004 for the piece 72.
Wed Dec  3 14:10:05 2025: Peer 1003 has downloaded the piece 120 from Peer 1001. Now the number of pieces it has is 119.
Wed Dec  3 14:10:05 2025: Peer 1003 received the 'interested' message from Peer 1004
Wed Dec  3 14:10:05 2025: Peer 1003 received the 'interested' message from Peer 1002
Wed Dec  3 14:10:05 2025: Peer 1003 has downloaded the piece 0 from Peer 1001. Now the number of pieces it has is 120.
Wed Dec  3 14:10:05 2025: Peer 1003 has downloaded the piece 130 from Peer 1002. Now the number of pieces it has is 121.
Wed Dec  3 14:10:05 2025: Peer 1003 received the 'have' message from Peer 1004 for the piece 1.
Wed Dec  3 14:10:05 2025: Peer 1003 received the 'have' message from Peer 1002 for the piece 6.
Wed Dec  3 14:10:05 2025: Peer 1003 received the 'have' message from Peer 1002 for the piece 75.
Wed Dec  3 14:10:05 2025: Peer 1003 has downloaded the piece 2 from Peer 1001. Now the number of pieces it has is 122.
Wed Dec  3 14:10:05 2025: Peer 1003 received the 'interested' message from Peer 1002
Wed Dec  3 14:10:05 2025: Peer 1003 received the 'interested' message from Peer 1002
Wed Dec  3 14:10:05 2025: Peer 1003 has downloaded the piece 99 from Peer 1001. Now the number of pieces it has is 123.
Wed Dec  3 14:10:05 2025: Peer 1003 received the 'have' message from Peer 1004 for the piece 55.
Wed Dec  3 14:10:05 2025: Peer 1003 has downloaded the piece 21 from Peer 1002. Now the number of pieces it has is 124.
Wed Dec  3 14:10:05 2025: Peer 1003 received the 'interested' message from Peer 1004
Wed Dec  3 14:10:05 2025: Peer 1003 received the 'have' message from Peer 1002 for the piece 31.
Wed Dec  3 14:10:05 2025: Peer 1003 received the 'have' message from Peer 1002 for the piece 91.
Wed Dec  3 14:10:05 2025: Peer 1003 has downloaded the piece 64 from Peer 1001. Now the number of pieces it has is 125.
Wed Dec  3 14:10:05 2025: Peer 1003 received the 'have' message from Peer 1004 for the piece 50.
Wed Dec  3 14:10:05 2025: Peer 1003 received the 'interested' message from Peer 1002
Wed Dec  3 14:10:05 2025: Peer 1003 received the 'interested' message from Peer 1004
Wed Dec  3 14:10:05 2025: Peer 1003 has downloaded the piece 54 from Peer 1001. Now the number of pieces it has is 126.
Wed Dec  3 14:10:05 2025: Peer 1003 received the 'interested' message from Peer 1004
Wed Dec  3 14:10:05 2025: Peer 1003 has downloaded the piece 61 from Peer 1002. Now the number of pieces it has is 127.
Wed Dec  3 14:10:05 2025: Peer 1003 received the 'have' message from Peer 1004 for the piece 29.
Wed Dec  3 14:10:05 2025: Peer 1003 received the 'have' message from Peer 1002 for the piece 68.
Wed Dec  3 14:10:05 2025: Peer 1003 received the 'have' message from Peer 1002 for the piece 97.
Wed Dec  3 14:10:05 2025: Peer 1003 received the 'have' message from Peer 1004 for the piece 90.
Wed Dec  3 14:10:05 2025: Peer 1003 has downloaded the piece 1 from Peer 1001. Now the number of pieces it has is 128.
Wed Dec  3 14:10:05 2025: Peer 1003 received the 'interested' message from Peer 1002
Wed Dec  3 14:10:05 2025: Peer 1003 received the 'interested' message from Peer 1004
Wed Dec  3 14:10:05 2025: Peer 1003 received the 'interested' message from Peer 1002
Wed Dec  3 14:10:05 2025: Peer 1003 received the 'interested' message from Peer 1004
Wed Dec  3 14:10:05 2025: Peer 1003 has downloaded the piece 28 from Peer 1001. Now the number of pieces it has is 130.
Wed Dec  3 14:10:05 2025: Peer 1003 has downloaded the piece 100 from Peer 1002. Now the number of pieces it has is 129.
Wed Dec  3 14:10:05 2025: Peer 1003 received the 'have' message from Peer 1004 for the piece 59.
Wed Dec  3 14:10:05 2025: Peer 1003 received the 'have' message from Peer 1002 for the piece 45.
Wed Dec  3 14:10:05 2025: Peer 1003 has downloaded the piece 20 from Peer 1001. Now the number of pieces it has is 131.
Wed Dec  3 14:10:05 2025: Peer 1003 received the 'have' message from Peer 1002 for the piece 126.
Wed Dec  3 14:10:05 2025: Peer 1003 received the 'have' message from Peer 1004 for the piece 128.
Wed Dec  3 14:10:05 2025: Peer 1003 received the 'interested' message from Peer 1002
Wed Dec  3 14:10:05 2025: Peer 1003 received the 'interested' message from Peer 1002
Wed Dec  3 14:10:05 2025: Peer 1003 received the 'have' message from Peer 1004 for the piece 121.
Wed Dec  3 14:10:05 2025: Peer 1003 has downloaded the piece 129 from Peer 1001. Now the number of pieces it has is 132.
Wed Dec  3 14:10:05 2025: Peer 1003 has downloaded the piece 91 from Peer 1002. Now the number of pieces it has is 133.
Wed Dec  3 14:10:05 2025: Peer 1003 has downloaded the complete file.
Wed Dec  3 14:10:05 2025: Peer 1003 has downloaded the complete file.
Wed Dec  3 14:10:05 2025: Peer 1003 received the 'have' message from Peer 1002 for the piece 51.
Wed Dec  3 14:10:05 2025: Peer 1003 received the 'have' message from Peer 1004 for the piece 123.
Wed Dec  3 14:10:05 2025: Peer 1003 received the 'interested' message from Peer 1002
Wed Dec  3 14:10:05 2025: Peer 1003 received the 'interested' message from Peer 1004
Wed Dec  3 14:10:05 2025: Peer 1003 received the 'have' message from Peer 1002 for the piece 87.
Wed Dec  3 14:10:05 2025: Peer 1003 received the 'interested' message from Peer 1002
Wed Dec  3 14:10:05 2025: Peer 1003 received the 'have' message from Peer 1002 for the piece 129.
Wed Dec  3 14:10:05 2025: Peer 1003 received the 'have' message from Peer 1004 for the piece 61.
Wed Dec  3 14:10:05 2025: Peer 1003 received the 'have' message from Peer 1002 for the piece 1.
Wed Dec  3 14:10:05 2025: Peer 1003 received the 'have' message from Peer 1004 for the piece 112.
Wed Dec  3 14:10:05 2025: Peer 1003 received the 'have' message from Peer 1002 for the piece 0.
Wed Dec  3 14:10:05 2025: Peer 1003 received the 'have' message from Peer 1004 for the piece 80.
Wed Dec  3 14:10:05 2025: Peer 1003 received the 'have' message from Peer 1002 for the piece 98.
Wed Dec  3 14:10:05 2025: Peer 1003 received the 'have' message from Peer 1004 for the piece 132.
Wed Dec  3 14:10:05 2025: Peer 1003 received the 'have' message from Peer 1002 for the piece 17.
Wed Dec  3 14:10:05 2025: Peer 1003 received the 'have' message from Peer 1004 for the piece 21.
Wed Dec  3 14:10:05 2025: Peer 1003 received the 'have' message from Peer 1002 for the piece 11.
Wed Dec  3 14:10:05 2025: Peer 1003 received the 'have' message from Peer 1002 for the piece 64.
Wed Dec  3 14:10:05 2025: Peer 1003 received the 'have' message from Peer 1004 for the piece 47.
Wed Dec  3 14:10:05 2025: Peer 1003 received the 'have' message from Peer 1004 for the piece 129.
Wed Dec  3 14:10:05 2025: Peer 1003 received the 'have' message from Peer 1002 for the piece 46.
Wed Dec  3 14:10:05 2025: Peer 1003 received the 'have' message from Peer 1002 for the piece 119.
Wed Dec  3 14:10:05 2025: Peer 1003 received the 'have' message from Peer 1004 for the piece 5.
Wed Dec  3 14:10:05 2025: Peer 1003 received the 'have' message from Peer 1002 for the piece 28.
Wed Dec  3 14:10:05 2025: Peer 1003 received the 'have' message from Peer 1002 for the piece 20.
Wed Dec  3 14:10:05 2025: Peer 1003 received the 'have' message from Peer 1002 for the piece 99.
Wed Dec  3 14:10:05 2025: Peer 1003 received the 'have' message from Peer 1002 for the piece 48.
Wed Dec  3 14:10:05 2025: Peer 1003 received the 'not interested' message from Peer 1002
Wed Dec  3 14:10:07 2025: Peer 1003 is choked by Peer 1001
Wed Dec  3 14:10:08 2025: Peer 1003 is choked by Peer 1002
Wed Dec  3 14:10:09 2025: Peer 1003 has the preferred neighbors 1004.
Wed Dec  3 14:10:14 2025: Peer 1003 has the preferred neighbors 1004.
Wed Dec  3 14:10:19 2025: Peer 1003 has the preferred neighbors 1004.
Wed Dec  3 14:10:24 2025: Peer 1003 has the preferred neighbors 1004.
Wed Dec  3 14:10:29 2025: Peer 1003 has the preferred neighbors 1004.
Wed Dec  3 14:10:34 2025: Peer 1003 has the preferred neighbors 1004.
Wed Dec  3 14:10:39 2025: Peer 1003 has the preferred neighbors 1004.
Wed Dec  3 14:10:44 2025: Peer 1003 has the preferred neighbors 1004.
Wed Dec  3 14:10:49 2025: Peer 1003 has the preferred neighbors 1004.
Wed Dec  3 14:10:54 2025: Peer 1003 has the preferred neighbors 1004.
Wed Dec  3 14:10:59 2025: Peer 1003 has the preferred neighbors 1004.
Wed Dec  3 14:11:04 2025: Peer 1003 has the preferred neighbors 1004.
Wed Dec  3 14:11:09 2025: Peer 1003 has the preferred neighbors 1004.
Wed Dec  3 14:11:14 2025: Peer 1003 has the preferred neighbors 1004.
Wed Dec  3 14:11:19 2025: Peer 1003 has the preferred neighbors 1004.
Wed Dec  3 14:11:24 2025: Peer 1003 has the preferred neighbors 1004.
Wed Dec  3 14:11:29 2025: Peer 1003 has the preferred neighbors 1004.
Wed Dec  3 14:11:34 2025: Peer 1003 has the preferred neighbors 1004.
Wed Dec  3 14:11:39 2025: Peer 1003 has the preferred neighbors 1004.
Wed Dec  3 14:11:44 2025: Peer 1003 has the preferred neighbors 1004.
Wed Dec  3 14:11:49 2025: Peer 1003 has the preferred neighbors 1004.
Wed Dec  3 14:11:54 2025: Peer 1003 has the preferred neighbors 1004.
Wed Dec  3 14:11:59 2025: Peer 1003 has the preferred neighbors 1004.
Wed Dec  3 14:12:04 2025: Peer 1003 has the preferred neighbors 1004.
Wed Dec  3 14:12:09 2025: Peer 1003 has the preferred neighbors 1004.
Wed Dec  3 14:12:14 2025: Peer 1003 has the preferred neighbors 1004.
Wed Dec  3 14:12:19 2025: Peer 1003 has the preferred neighbors 1004.
Wed Dec  3 14:12:24 2025: Peer 1003 has the preferred neighbors 1004.
Wed Dec  3 14:12:29 2025: Peer 1003 has the preferred neighbors 1004.
Wed Dec  3 14:12:34 2025: Peer 1003 has the preferred neighbors 1004.
Wed Dec  3 14:12:39 2025: Peer 1003 has the preferred neighbors 1004.
Wed Dec  3 14:12:44 2025: Peer 1003 has the preferred neighbors 1004.
Wed Dec  3 14:12:49 2025: Peer 1003 has the preferred neighbors 1004.
Wed Dec  3 14:12:54 2025: Peer 1003 has the preferred neighbors 1004.
Wed Dec  3 14:12:59 2025: Peer 1003 has the preferred neighbors 1004.
Wed Dec  3 14:13:04 2025: Peer 1003 has the preferred neighbors 1004.
Wed Dec  3 14:13:09 2025: Peer 1003 has the preferred neighbors 1004.
Wed Dec  3 14:13:14 2025: Peer 1003 has the preferred neighbors 1004.
Wed Dec  3 14:13:19 2025: Peer 1003 has the preferred neighbors 1004.
Wed Dec  3 14:13:24 2025: Peer 1003 has the preferred neighbors 1004.
Wed Dec  3 14:13:29 2025: Peer 1003 has the preferred neighbors 1004.
Wed Dec  3 14:13:34 2025: Peer 1003 has the preferred neighbors 1004.
Wed Dec  3 14:13:39 2025: Peer 1003 has the preferred neighbors 1004.
Wed Dec  3 14:13:44 2025: Peer 1003 has the preferred neighbors 1004.
Wed Dec  3 14:13:49 2025: Peer 1003 has the preferred neighbors 1004.
Wed Dec  3 14:13:54 2025: Peer 1003 has the preferred neighbors 1004.
Wed Dec  3 14:13:59 2025: Peer 1003 has the preferred neighbors 1004.
Wed Dec  3 14:14:04 2025: Peer 1003 has the preferred neighbors 1004.
Wed Dec  3 14:14:09 2025: Peer 1003 has the preferred neighbors 1004.
